{"D:/projects/React/react-vite-auth-starter/src/App.tsx": {"path":"D:/projects/React/react-vite-auth-starter/src/App.tsx","statementMap":{"0":{"start":{"line":5,"column":2},"end":{"line":8,"column":null}}},"fnMap":{"0":{"name":"App","decl":{"start":{"line":4,"column":9},"end":{"line":4,"column":15}},"loc":{"start":{"line":4,"column":15},"end":{"line":10,"column":null}}}},"branchMap":{},"s":{"0":0},"f":{"0":0},"b":{}}
,"D:/projects/React/react-vite-auth-starter/src/main.tsx": {"path":"D:/projects/React/react-vite-auth-starter/src/main.tsx","statementMap":{"0":{"start":{"line":6,"column":0},"end":{"line":10,"column":null}}},"fnMap":{},"branchMap":{},"s":{"0":0},"f":{},"b":{}}
,"D:/projects/React/react-vite-auth-starter/src/common/components/toast/toast/Toast.tsx": {"path":"D:/projects/React/react-vite-auth-starter/src/common/components/toast/toast/Toast.tsx","statementMap":{"0":{"start":{"line":12,"column":2},"end":{"line":14,"column":null}},"1":{"start":{"line":13,"column":4},"end":{"line":13,"column":null}},"2":{"start":{"line":16,"column":2},"end":{"line":33,"column":null}},"3":{"start":{"line":30,"column":43},"end":{"line":30,"column":null}}},"fnMap":{"0":{"name":"Toast","decl":{"start":{"line":11,"column":9},"end":{"line":11,"column":15}},"loc":{"start":{"line":11,"column":79},"end":{"line":35,"column":null}}},"1":{"name":"(anonymous_1)","decl":{"start":{"line":12,"column":13},"end":{"line":12,"column":19}},"loc":{"start":{"line":12,"column":19},"end":{"line":14,"column":5}}},"2":{"name":"(anonymous_2)","decl":{"start":{"line":30,"column":37},"end":{"line":30,"column":43}},"loc":{"start":{"line":30,"column":43},"end":{"line":30,"column":null}}}},"branchMap":{},"s":{"0":3,"1":1,"2":3,"3":1},"f":{"0":3,"1":1,"2":1},"b":{}}
,"D:/projects/React/react-vite-auth-starter/src/common/components/toast/toastIcon/ToastIcon.tsx": {"path":"D:/projects/React/react-vite-auth-starter/src/common/components/toast/toastIcon/ToastIcon.tsx","statementMap":{"0":{"start":{"line":10,"column":20},"end":{"line":10,"column":null}},"1":{"start":{"line":11,"column":2},"end":{"line":14,"column":null}}},"fnMap":{"0":{"name":"ToastIcon","decl":{"start":{"line":9,"column":9},"end":{"line":9,"column":19}},"loc":{"start":{"line":9,"column":41},"end":{"line":15,"column":null}}}},"branchMap":{},"s":{"0":4,"1":4},"f":{"0":4},"b":{}}
,"D:/projects/React/react-vite-auth-starter/src/common/components/toast/toastNotification/ToastNotification.tsx": {"path":"D:/projects/React/react-vite-auth-starter/src/common/components/toast/toastNotification/ToastNotification.tsx","statementMap":{"0":{"start":{"line":11,"column":34},"end":{"line":11,"column":null}},"1":{"start":{"line":12,"column":2},"end":{"line":18,"column":null}}},"fnMap":{"0":{"name":"ToastNotification","decl":{"start":{"line":10,"column":9},"end":{"line":10,"column":27}},"loc":{"start":{"line":10,"column":78},"end":{"line":20,"column":null}}}},"branchMap":{"0":{"loc":{"start":{"line":10,"column":29},"end":{"line":10,"column":55}},"type":"default-arg","locations":[{"start":{"line":10,"column":40},"end":{"line":10,"column":55}}]}},"s":{"0":7,"1":7},"f":{"0":7},"b":{"0":[1]}}
,"D:/projects/React/react-vite-auth-starter/src/common/components/toast/toasts/Toasts.tsx": {"path":"D:/projects/React/react-vite-auth-starter/src/common/components/toast/toasts/Toasts.tsx","statementMap":{"0":{"start":{"line":16,"column":20},"end":{"line":16,"column":null}},"1":{"start":{"line":17,"column":2},"end":{"line":43,"column":null}},"2":{"start":{"line":20,"column":8},"end":{"line":41,"column":null}}},"fnMap":{"0":{"name":"Toasts","decl":{"start":{"line":15,"column":9},"end":{"line":15,"column":16}},"loc":{"start":{"line":15,"column":60},"end":{"line":45,"column":null}}},"1":{"name":"(anonymous_1)","decl":{"start":{"line":19,"column":18},"end":{"line":19,"column":19}},"loc":{"start":{"line":20,"column":8},"end":{"line":41,"column":null}}}},"branchMap":{},"s":{"0":2,"1":2,"2":1},"f":{"0":2,"1":1},"b":{}}
,"D:/projects/React/react-vite-auth-starter/src/common/contexts/toast.context.ts": {"path":"D:/projects/React/react-vite-auth-starter/src/common/contexts/toast.context.ts","statementMap":{"0":{"start":{"line":10,"column":21},"end":{"line":14,"column":null}}},"fnMap":{"0":{"name":"(anonymous_0)","decl":{"start":{"line":11,"column":12},"end":{"line":11,"column":18}},"loc":{"start":{"line":11,"column":18},"end":{"line":11,"column":null}}},"1":{"name":"(anonymous_1)","decl":{"start":{"line":12,"column":15},"end":{"line":12,"column":21}},"loc":{"start":{"line":12,"column":21},"end":{"line":12,"column":null}}}},"branchMap":{},"s":{"0":2},"f":{"0":1,"1":1},"b":{}}
,"D:/projects/React/react-vite-auth-starter/src/common/hooks/useTimeout/useTimeout.ts": {"path":"D:/projects/React/react-vite-auth-starter/src/common/hooks/useTimeout/useTimeout.ts","statementMap":{"0":{"start":{"line":8,"column":19},"end":{"line":22,"column":null}},"1":{"start":{"line":9,"column":22},"end":{"line":9,"column":null}},"2":{"start":{"line":11,"column":2},"end":{"line":13,"column":null}},"3":{"start":{"line":12,"column":4},"end":{"line":12,"column":null}},"4":{"start":{"line":15,"column":2},"end":{"line":21,"column":null}},"5":{"start":{"line":16,"column":15},"end":{"line":18,"column":null}},"6":{"start":{"line":17,"column":6},"end":{"line":17,"column":null}},"7":{"start":{"line":20,"column":4},"end":{"line":20,"column":null}},"8":{"start":{"line":20,"column":17},"end":{"line":20,"column":null}}},"fnMap":{"0":{"name":"(anonymous_0)","decl":{"start":{"line":8,"column":19},"end":{"line":8,"column":20}},"loc":{"start":{"line":8,"column":60},"end":{"line":22,"column":null}}},"1":{"name":"(anonymous_1)","decl":{"start":{"line":11,"column":12},"end":{"line":11,"column":18}},"loc":{"start":{"line":11,"column":18},"end":{"line":13,"column":5}}},"2":{"name":"(anonymous_2)","decl":{"start":{"line":15,"column":12},"end":{"line":15,"column":18}},"loc":{"start":{"line":15,"column":18},"end":{"line":21,"column":5}}},"3":{"name":"(anonymous_3)","decl":{"start":{"line":16,"column":26},"end":{"line":16,"column":32}},"loc":{"start":{"line":16,"column":32},"end":{"line":18,"column":7}}},"4":{"name":"(anonymous_4)","decl":{"start":{"line":20,"column":11},"end":{"line":20,"column":17}},"loc":{"start":{"line":20,"column":17},"end":{"line":20,"column":null}}}},"branchMap":{"0":{"loc":{"start":{"line":8,"column":44},"end":{"line":8,"column":60}},"type":"default-arg","locations":[{"start":{"line":8,"column":52},"end":{"line":8,"column":60}}]}},"s":{"0":1,"1":3,"2":3,"3":3,"4":3,"5":3,"6":2,"7":3,"8":3},"f":{"0":3,"1":3,"2":3,"3":2,"4":3},"b":{"0":[1]}}
,"D:/projects/React/react-vite-auth-starter/src/common/hooks/useToast/useToast.ts": {"path":"D:/projects/React/react-vite-auth-starter/src/common/hooks/useToast/useToast.ts","statementMap":{"0":{"start":{"line":4,"column":17},"end":{"line":4,"column":null}},"1":{"start":{"line":4,"column":23},"end":{"line":4,"column":null}}},"fnMap":{"0":{"name":"(anonymous_0)","decl":{"start":{"line":4,"column":17},"end":{"line":4,"column":23}},"loc":{"start":{"line":4,"column":23},"end":{"line":4,"column":null}}}},"branchMap":{},"s":{"0":2,"1":11},"f":{"0":11},"b":{}}
,"D:/projects/React/react-vite-auth-starter/src/common/providers/toastProvider/Toast.provider.tsx": {"path":"D:/projects/React/react-vite-auth-starter/src/common/providers/toastProvider/Toast.provider.tsx","statementMap":{"0":{"start":{"line":15,"column":30},"end":{"line":15,"column":null}},"1":{"start":{"line":17,"column":19},"end":{"line":22,"column":null}},"2":{"start":{"line":18,"column":4},"end":{"line":21,"column":null}},"3":{"start":{"line":18,"column":29},"end":{"line":21,"column":5}},"4":{"start":{"line":24,"column":22},"end":{"line":26,"column":null}},"5":{"start":{"line":25,"column":4},"end":{"line":25,"column":null}},"6":{"start":{"line":25,"column":29},"end":{"line":25,"column":70}},"7":{"start":{"line":25,"column":53},"end":{"line":25,"column":69}},"8":{"start":{"line":28,"column":22},"end":{"line":35,"column":null}},"9":{"start":{"line":29,"column":11},"end":{"line":33,"column":null}},"10":{"start":{"line":36,"column":2},"end":{"line":39,"column":null}}},"fnMap":{"0":{"name":"ToastProvider","decl":{"start":{"line":14,"column":9},"end":{"line":14,"column":23}},"loc":{"start":{"line":14,"column":53},"end":{"line":41,"column":null}}},"1":{"name":"(anonymous_1)","decl":{"start":{"line":17,"column":19},"end":{"line":17,"column":20}},"loc":{"start":{"line":17,"column":54},"end":{"line":22,"column":null}}},"2":{"name":"(anonymous_2)","decl":{"start":{"line":18,"column":14},"end":{"line":18,"column":15}},"loc":{"start":{"line":18,"column":29},"end":{"line":21,"column":5}}},"3":{"name":"(anonymous_3)","decl":{"start":{"line":24,"column":22},"end":{"line":24,"column":23}},"loc":{"start":{"line":24,"column":43},"end":{"line":26,"column":null}}},"4":{"name":"(anonymous_4)","decl":{"start":{"line":25,"column":14},"end":{"line":25,"column":15}},"loc":{"start":{"line":25,"column":29},"end":{"line":25,"column":70}}},"5":{"name":"(anonymous_5)","decl":{"start":{"line":25,"column":46},"end":{"line":25,"column":47}},"loc":{"start":{"line":25,"column":53},"end":{"line":25,"column":69}}},"6":{"name":"(anonymous_6)","decl":{"start":{"line":29,"column":4},"end":{"line":29,"column":11}},"loc":{"start":{"line":29,"column":11},"end":{"line":33,"column":null}}}},"branchMap":{"0":{"loc":{"start":{"line":20,"column":12},"end":{"line":20,"column":28}},"type":"binary-expr","locations":[{"start":{"line":20,"column":12},"end":{"line":20,"column":18}},{"start":{"line":20,"column":18},"end":{"line":20,"column":28}}]}},"s":{"0":10,"1":10,"2":3,"3":3,"4":10,"5":2,"6":2,"7":1,"8":10,"9":10,"10":10},"f":{"0":10,"1":3,"2":3,"3":2,"4":2,"5":1,"6":10},"b":{"0":[3,1]}}
,"D:/projects/React/react-vite-auth-starter/src/common/utils/toast/toast.util.ts": {"path":"D:/projects/React/react-vite-auth-starter/src/common/utils/toast/toast.util.ts","statementMap":{"0":{"start":{"line":7,"column":51},"end":{"line":14,"column":null}},"1":{"start":{"line":16,"column":44},"end":{"line":21,"column":null}},"2":{"start":{"line":33,"column":4},"end":{"line":38,"column":null}},"3":{"start":{"line":45,"column":21},"end":{"line":77,"column":null}},"4":{"start":{"line":53,"column":2},"end":{"line":69,"column":null}},"5":{"start":{"line":54,"column":4},"end":{"line":54,"column":null}},"6":{"start":{"line":55,"column":4},"end":{"line":55,"column":null}},"7":{"start":{"line":56,"column":4},"end":{"line":56,"column":null}},"8":{"start":{"line":57,"column":2},"end":{"line":69,"column":null}},"9":{"start":{"line":58,"column":4},"end":{"line":58,"column":null}},"10":{"start":{"line":59,"column":4},"end":{"line":59,"column":null}},"11":{"start":{"line":60,"column":4},"end":{"line":60,"column":null}},"12":{"start":{"line":61,"column":2},"end":{"line":69,"column":null}},"13":{"start":{"line":62,"column":4},"end":{"line":62,"column":null}},"14":{"start":{"line":63,"column":4},"end":{"line":63,"column":null}},"15":{"start":{"line":64,"column":4},"end":{"line":64,"column":null}},"16":{"start":{"line":66,"column":4},"end":{"line":66,"column":null}},"17":{"start":{"line":67,"column":4},"end":{"line":67,"column":null}},"18":{"start":{"line":68,"column":4},"end":{"line":68,"column":null}},"19":{"start":{"line":71,"column":2},"end":{"line":76,"column":null}}},"fnMap":{"0":{"name":"(anonymous_0)","decl":{"start":{"line":45,"column":21},"end":{"line":45,"column":null}},"loc":{"start":{"line":47,"column":79},"end":{"line":77,"column":null}}}},"branchMap":{"0":{"loc":{"start":{"line":53,"column":2},"end":{"line":69,"column":null}},"type":"if","locations":[{"start":{"line":53,"column":2},"end":{"line":69,"column":null}},{"start":{"line":57,"column":2},"end":{"line":69,"column":null}}]},"1":{"loc":{"start":{"line":53,"column":6},"end":{"line":53,"column":61}},"type":"binary-expr","locations":[{"start":{"line":53,"column":6},"end":{"line":53,"column":36}},{"start":{"line":53,"column":36},"end":{"line":53,"column":61}}]},"2":{"loc":{"start":{"line":57,"column":2},"end":{"line":69,"column":null}},"type":"if","locations":[{"start":{"line":57,"column":2},"end":{"line":69,"column":null}},{"start":{"line":61,"column":2},"end":{"line":69,"column":null}}]},"3":{"loc":{"start":{"line":57,"column":13},"end":{"line":57,"column":70}},"type":"binary-expr","locations":[{"start":{"line":57,"column":13},"end":{"line":57,"column":44}},{"start":{"line":57,"column":44},"end":{"line":57,"column":70}}]},"4":{"loc":{"start":{"line":61,"column":2},"end":{"line":69,"column":null}},"type":"if","locations":[{"start":{"line":61,"column":2},"end":{"line":69,"column":null}},{"start":{"line":65,"column":9},"end":{"line":69,"column":null}}]}},"s":{"0":4,"1":4,"2":4,"3":4,"4":6,"5":2,"6":2,"7":2,"8":4,"9":2,"10":2,"11":2,"12":2,"13":1,"14":1,"15":1,"16":1,"17":1,"18":1,"19":6},"f":{"0":6},"b":{"0":[2,4],"1":[6,5],"2":[2,2],"3":[4,3],"4":[1,1]}}
}
